mode: atomic
github.com/codecrafters-io/redis-starter-go/cmd/rediska/main.go:16.13,21.27 5 0
github.com/codecrafters-io/redis-starter-go/cmd/rediska/main.go:21.27,22.21 1 0
github.com/codecrafters-io/redis-starter-go/cmd/rediska/main.go:22.21,24.4 1 0
github.com/codecrafters-io/redis-starter-go/cmd/rediska/main.go:25.3,25.28 1 0
github.com/codecrafters-io/redis-starter-go/cmd/rediska/main.go:25.28,27.4 1 0
github.com/codecrafters-io/redis-starter-go/cmd/rediska/main.go:28.3,28.22 1 0
github.com/codecrafters-io/redis-starter-go/cmd/rediska/main.go:28.22,30.4 1 0
github.com/codecrafters-io/redis-starter-go/cmd/rediska/main.go:31.3,31.27 1 0
github.com/codecrafters-io/redis-starter-go/cmd/rediska/main.go:31.27,40.4 8 0
github.com/codecrafters-io/redis-starter-go/cmd/rediska/main.go:43.2,43.47 1 0
github.com/codecrafters-io/redis-starter-go/cmd/rediska/main.go:43.47,46.3 1 0
github.com/codecrafters-io/redis-starter-go/cmd/rediska/main.go:48.2,48.18 1 0
github.com/codecrafters-io/redis-starter-go/cmd/rediska/main.go:51.64,53.16 2 0
github.com/codecrafters-io/redis-starter-go/cmd/rediska/main.go:53.16,55.3 1 0
github.com/codecrafters-io/redis-starter-go/cmd/rediska/main.go:56.2,56.15 1 0
github.com/codecrafters-io/redis-starter-go/cmd/rediska/main.go:56.15,59.3 2 0
github.com/codecrafters-io/redis-starter-go/cmd/rediska/main.go:60.2,60.6 1 0
github.com/codecrafters-io/redis-starter-go/cmd/rediska/main.go:60.6,62.17 2 0
github.com/codecrafters-io/redis-starter-go/cmd/rediska/main.go:62.17,64.4 1 0
github.com/codecrafters-io/redis-starter-go/cmd/rediska/main.go:65.3,65.57 1 0
github.com/codecrafters-io/redis-starter-go/cmd/rediska/main.go:72.9,74.15 2 0
github.com/codecrafters-io/redis-starter-go/cmd/rediska/main.go:74.15,75.14 1 0
github.com/codecrafters-io/redis-starter-go/cmd/rediska/main.go:75.14,77.4 1 0
github.com/codecrafters-io/redis-starter-go/cmd/rediska/main.go:79.2,80.6 2 0
github.com/codecrafters-io/redis-starter-go/cmd/rediska/main.go:80.6,82.13 2 0
github.com/codecrafters-io/redis-starter-go/cmd/rediska/main.go:82.13,83.9 1 0
github.com/codecrafters-io/redis-starter-go/cmd/rediska/main.go:85.3,85.17 1 0
github.com/codecrafters-io/redis-starter-go/cmd/rediska/main.go:85.17,87.4 1 0
github.com/codecrafters-io/redis-starter-go/cmd/rediska/main.go:88.3,90.17 3 0
github.com/codecrafters-io/redis-starter-go/cmd/rediska/main.go:90.17,92.4 1 0
github.com/codecrafters-io/redis-starter-go/cmd/rediska/main.go:93.3,94.27 2 0
github.com/codecrafters-io/redis-starter-go/cmd/rediska/main.go:94.27,95.12 1 0
github.com/codecrafters-io/redis-starter-go/cmd/rediska/main.go:97.3,97.38 1 0
github.com/codecrafters-io/redis-starter-go/cmd/rediska/main.go:97.38,98.45 1 0
github.com/codecrafters-io/redis-starter-go/cmd/rediska/main.go:98.45,100.5 1 0
github.com/codecrafters-io/redis-starter-go/cmd/rediska/main.go:100.10,100.52 1 0
github.com/codecrafters-io/redis-starter-go/cmd/rediska/main.go:100.52,102.5 1 0
github.com/codecrafters-io/redis-starter-go/cmd/rediska/main.go:102.10,102.51 1 0
github.com/codecrafters-io/redis-starter-go/cmd/rediska/main.go:102.51,105.19 3 0
github.com/codecrafters-io/redis-starter-go/cmd/rediska/main.go:105.20,106.6 0 0
github.com/codecrafters-io/redis-starter-go/cmd/rediska/main.go:107.5,107.19 1 0
github.com/codecrafters-io/redis-starter-go/cmd/rediska/main.go:107.19,109.6 1 0
github.com/codecrafters-io/redis-starter-go/cmd/rediska/main.go:110.10,110.51 1 0
github.com/codecrafters-io/redis-starter-go/cmd/rediska/main.go:110.51,112.19 2 0
github.com/codecrafters-io/redis-starter-go/cmd/rediska/main.go:112.19,114.6 1 0
github.com/codecrafters-io/redis-starter-go/cmd/rediska/main.go:115.10,115.54 1 0
github.com/codecrafters-io/redis-starter-go/cmd/rediska/main.go:115.54,116.45 1 0
github.com/codecrafters-io/redis-starter-go/cmd/rediska/main.go:116.45,117.46 1 0
github.com/codecrafters-io/redis-starter-go/cmd/rediska/main.go:117.46,119.7 1 0
github.com/codecrafters-io/redis-starter-go/cmd/rediska/main.go:119.12,119.60 1 0
github.com/codecrafters-io/redis-starter-go/cmd/rediska/main.go:119.60,121.7 1 0
github.com/codecrafters-io/redis-starter-go/cmd/rediska/main.go:123.10,123.52 1 0
github.com/codecrafters-io/redis-starter-go/cmd/rediska/main.go:123.52,125.5 1 0
github.com/codecrafters-io/redis-starter-go/cmd/rediska/main.go:125.10,125.52 1 0
github.com/codecrafters-io/redis-starter-go/cmd/rediska/main.go:125.52,126.26 1 0
github.com/codecrafters-io/redis-starter-go/cmd/rediska/main.go:126.26,128.6 1 0
github.com/codecrafters-io/redis-starter-go/cmd/rediska/main.go:129.5,129.33 1 0
github.com/codecrafters-io/redis-starter-go/cmd/rediska/main.go:130.10,130.52 1 0
github.com/codecrafters-io/redis-starter-go/cmd/rediska/main.go:130.53,131.5 0 0
github.com/codecrafters-io/redis-starter-go/cmd/rediska/main.go:131.10,131.56 1 0
github.com/codecrafters-io/redis-starter-go/cmd/rediska/main.go:131.56,133.39 2 0
github.com/codecrafters-io/redis-starter-go/cmd/rediska/main.go:133.39,136.6 2 0
github.com/codecrafters-io/redis-starter-go/cmd/rediska/main.go:137.5,137.44 1 0
github.com/codecrafters-io/redis-starter-go/cmd/rediska/main.go:138.10,138.53 1 0
github.com/codecrafters-io/redis-starter-go/cmd/rediska/main.go:138.53,143.5 4 0
github.com/codecrafters-io/redis-starter-go/cmd/rediska/main.go:147.2,147.12 1 0
github.com/codecrafters-io/redis-starter-go/cmd/rediska/main.go:150.55,151.37 1 0
github.com/codecrafters-io/redis-starter-go/cmd/rediska/main.go:151.37,158.3 2 0
github.com/codecrafters-io/redis-starter-go/cmd/rediska/main.go:161.45,163.16 2 0
github.com/codecrafters-io/redis-starter-go/cmd/rediska/main.go:163.16,165.3 1 0
github.com/codecrafters-io/redis-starter-go/cmd/rediska/main.go:166.2,168.16 3 0
github.com/codecrafters-io/redis-starter-go/cmd/rediska/main.go:168.16,170.3 1 0
github.com/codecrafters-io/redis-starter-go/cmd/rediska/main.go:171.2,171.12 1 0
github.com/codecrafters-io/redis-starter-go/cmd/rediska/main.go:174.26,176.2 1 0
github.com/codecrafters-io/redis-starter-go/cmd/rediska/main.go:178.67,180.16 2 0
github.com/codecrafters-io/redis-starter-go/cmd/rediska/main.go:180.16,182.3 1 0
github.com/codecrafters-io/redis-starter-go/cmd/rediska/main.go:183.2,187.16 5 0
github.com/codecrafters-io/redis-starter-go/cmd/rediska/main.go:187.16,189.3 1 0
github.com/codecrafters-io/redis-starter-go/cmd/rediska/main.go:190.2,193.16 4 0
github.com/codecrafters-io/redis-starter-go/cmd/rediska/main.go:193.16,195.3 1 0
github.com/codecrafters-io/redis-starter-go/cmd/rediska/main.go:196.2,199.16 4 0
github.com/codecrafters-io/redis-starter-go/cmd/rediska/main.go:199.16,201.3 1 0
github.com/codecrafters-io/redis-starter-go/cmd/rediska/main.go:202.2,204.16 3 0
github.com/codecrafters-io/redis-starter-go/cmd/rediska/main.go:204.16,206.3 1 0
github.com/codecrafters-io/redis-starter-go/cmd/rediska/main.go:207.2,208.12 2 0
github.com/codecrafters-io/redis-starter-go/cmd/rediska/main.go:211.68,213.16 2 0
github.com/codecrafters-io/redis-starter-go/cmd/rediska/main.go:213.16,215.3 1 0
github.com/codecrafters-io/redis-starter-go/cmd/rediska/main.go:216.2,216.24 1 0
github.com/codecrafters-io/redis-starter-go/cmd/rediska/main.go:219.58,221.2 1 0
github.com/codecrafters-io/redis-starter-go/cmd/rediska/main.go:223.34,225.2 1 0
github.com/codecrafters-io/redis-starter-go/cmd/rediska/main.go:227.27,229.2 1 0
github.com/codecrafters-io/redis-starter-go/internal/config/config.go:15.35,16.11 1 0
github.com/codecrafters-io/redis-starter-go/internal/config/config.go:17.18,18.18 1 0
github.com/codecrafters-io/redis-starter-go/internal/config/config.go:19.19,20.17 1 0
github.com/codecrafters-io/redis-starter-go/internal/config/config.go:21.10,22.28 1 0
github.com/codecrafters-io/redis-starter-go/internal/config/config.go:38.29,44.2 1 0
github.com/codecrafters-io/redis-starter-go/internal/config/config.go:46.39,52.2 2 0
github.com/codecrafters-io/redis-starter-go/internal/config/config.go:54.32,57.20 3 0
github.com/codecrafters-io/redis-starter-go/internal/config/config.go:57.20,59.3 1 0
github.com/codecrafters-io/redis-starter-go/internal/config/config.go:60.2,60.15 1 0
github.com/codecrafters-io/redis-starter-go/internal/storage/persistent.go:38.38,51.2 11 0
github.com/codecrafters-io/redis-starter-go/internal/storage/persistent.go:53.45,55.2 1 0
github.com/codecrafters-io/redis-starter-go/internal/storage/persistent.go:57.42,60.2 2 0
github.com/codecrafters-io/redis-starter-go/internal/storage/persistent.go:62.39,69.31 6 0
github.com/codecrafters-io/redis-starter-go/internal/storage/persistent.go:69.31,71.14 2 0
github.com/codecrafters-io/redis-starter-go/internal/storage/persistent.go:71.14,73.4 1 0
github.com/codecrafters-io/redis-starter-go/internal/storage/persistent.go:74.3,74.61 1 0
github.com/codecrafters-io/redis-starter-go/internal/storage/persistent.go:77.2,77.16 1 0
github.com/codecrafters-io/redis-starter-go/internal/storage/persistent.go:80.72,82.22 2 0
github.com/codecrafters-io/redis-starter-go/internal/storage/persistent.go:82.22,85.3 2 0
github.com/codecrafters-io/redis-starter-go/internal/storage/persistent.go:86.2,89.12 4 0
github.com/codecrafters-io/redis-starter-go/internal/storage/persistent.go:113.51,115.16 2 0
github.com/codecrafters-io/redis-starter-go/internal/storage/persistent.go:115.16,117.3 1 0
github.com/codecrafters-io/redis-starter-go/internal/storage/persistent.go:118.2,118.50 1 0
github.com/codecrafters-io/redis-starter-go/internal/storage/persistent.go:118.50,120.3 1 0
github.com/codecrafters-io/redis-starter-go/internal/storage/persistent.go:121.2,125.26 5 0
github.com/codecrafters-io/redis-starter-go/internal/storage/persistent.go:125.26,127.3 1 0
github.com/codecrafters-io/redis-starter-go/internal/storage/persistent.go:128.2,129.57 2 0
github.com/codecrafters-io/redis-starter-go/internal/storage/persistent.go:129.57,131.3 1 0
github.com/codecrafters-io/redis-starter-go/internal/storage/persistent.go:132.2,132.38 1 0
github.com/codecrafters-io/redis-starter-go/internal/storage/persistent.go:132.38,134.3 1 0
github.com/codecrafters-io/redis-starter-go/internal/storage/persistent.go:135.2,137.38 3 0
github.com/codecrafters-io/redis-starter-go/internal/storage/persistent.go:137.39,139.3 0 0
github.com/codecrafters-io/redis-starter-go/internal/storage/persistent.go:140.2,140.55 1 0
github.com/codecrafters-io/redis-starter-go/internal/storage/persistent.go:140.55,142.17 2 0
github.com/codecrafters-io/redis-starter-go/internal/storage/persistent.go:142.17,144.4 1 0
github.com/codecrafters-io/redis-starter-go/internal/storage/persistent.go:145.3,146.23 2 0
github.com/codecrafters-io/redis-starter-go/internal/storage/persistent.go:146.23,148.4 1 0
github.com/codecrafters-io/redis-starter-go/internal/storage/persistent.go:149.3,149.20 1 0
github.com/codecrafters-io/redis-starter-go/internal/storage/persistent.go:152.2,152.17 1 0
github.com/codecrafters-io/redis-starter-go/internal/storage/persistent.go:157.68,158.23 1 0
github.com/codecrafters-io/redis-starter-go/internal/storage/persistent.go:158.23,159.23 1 0
github.com/codecrafters-io/redis-starter-go/internal/storage/persistent.go:160.12,164.18 3 0
github.com/codecrafters-io/redis-starter-go/internal/storage/persistent.go:164.18,166.5 1 0
github.com/codecrafters-io/redis-starter-go/internal/storage/persistent.go:167.4,171.11 3 0
github.com/codecrafters-io/redis-starter-go/internal/storage/persistent.go:173.12,177.18 3 0
github.com/codecrafters-io/redis-starter-go/internal/storage/persistent.go:177.18,179.5 1 0
github.com/codecrafters-io/redis-starter-go/internal/storage/persistent.go:180.4,184.10 3 0
github.com/codecrafters-io/redis-starter-go/internal/storage/persistent.go:185.11,186.73 1 0
github.com/codecrafters-io/redis-starter-go/internal/storage/persistent.go:189.2,191.25 3 0
github.com/codecrafters-io/redis-starter-go/internal/storage/persistent.go:191.25,193.3 1 0
github.com/codecrafters-io/redis-starter-go/internal/storage/persistent.go:194.2,195.16 2 0
github.com/codecrafters-io/redis-starter-go/internal/storage/persistent.go:195.16,197.3 1 0
github.com/codecrafters-io/redis-starter-go/internal/storage/persistent.go:199.2,200.44 2 0
github.com/codecrafters-io/redis-starter-go/internal/storage/persistent.go:200.44,202.3 1 0
github.com/codecrafters-io/redis-starter-go/internal/storage/persistent.go:203.2,204.16 2 0
github.com/codecrafters-io/redis-starter-go/internal/storage/persistent.go:204.16,206.3 1 0
github.com/codecrafters-io/redis-starter-go/internal/storage/persistent.go:208.2,208.8 1 0
github.com/codecrafters-io/redis-starter-go/internal/storage/storage.go:22.50,28.2 1 0
github.com/codecrafters-io/redis-starter-go/internal/storage/storage.go:30.69,33.50 3 0
github.com/codecrafters-io/redis-starter-go/internal/storage/storage.go:33.50,37.17 4 0
github.com/codecrafters-io/redis-starter-go/internal/storage/storage.go:37.17,39.4 1 0
github.com/codecrafters-io/redis-starter-go/internal/storage/storage.go:40.3,40.90 1 0
github.com/codecrafters-io/redis-starter-go/internal/storage/storage.go:42.2,43.38 2 0
github.com/codecrafters-io/redis-starter-go/internal/storage/storage.go:43.38,45.3 1 0
github.com/codecrafters-io/redis-starter-go/internal/storage/storage.go:46.2,46.17 1 0
github.com/codecrafters-io/redis-starter-go/internal/storage/storage.go:49.58,55.12 6 0
github.com/codecrafters-io/redis-starter-go/internal/storage/storage.go:55.12,58.3 2 0
github.com/codecrafters-io/redis-starter-go/internal/storage/storage.go:59.2,59.31 1 0
github.com/codecrafters-io/redis-starter-go/internal/storage/storage.go:59.31,62.3 2 0
github.com/codecrafters-io/redis-starter-go/internal/storage/storage.go:64.2,65.23 2 0
github.com/codecrafters-io/redis-starter-go/internal/storage/storage.go:68.69,79.30 4 0
github.com/codecrafters-io/redis-starter-go/internal/storage/storage.go:79.30,81.3 1 0
github.com/codecrafters-io/redis-starter-go/internal/storage/storage.go:82.2,85.27 4 0
github.com/codecrafters-io/redis-starter-go/internal/storage/storage.go:85.27,87.3 1 0
github.com/codecrafters-io/redis-starter-go/internal/storage/storage.go:88.2,88.28 1 0
github.com/codecrafters-io/redis-starter-go/internal/codec/decoder.go:11.47,17.22 6 0
github.com/codecrafters-io/redis-starter-go/internal/codec/decoder.go:17.22,19.17 2 0
github.com/codecrafters-io/redis-starter-go/internal/codec/decoder.go:19.17,21.4 1 0
github.com/codecrafters-io/redis-starter-go/internal/codec/decoder.go:22.3,22.20 1 0
github.com/codecrafters-io/redis-starter-go/internal/codec/decoder.go:22.20,24.18 2 0
github.com/codecrafters-io/redis-starter-go/internal/codec/decoder.go:24.18,26.5 1 0
github.com/codecrafters-io/redis-starter-go/internal/codec/decoder.go:27.4,27.37 1 0
github.com/codecrafters-io/redis-starter-go/internal/codec/decoder.go:29.3,30.27 2 0
github.com/codecrafters-io/redis-starter-go/internal/codec/decoder.go:30.27,32.19 2 0
github.com/codecrafters-io/redis-starter-go/internal/codec/decoder.go:32.19,34.19 2 0
github.com/codecrafters-io/redis-starter-go/internal/codec/decoder.go:34.19,36.6 1 0
github.com/codecrafters-io/redis-starter-go/internal/codec/decoder.go:37.5,38.40 2 0
github.com/codecrafters-io/redis-starter-go/internal/codec/decoder.go:41.8,41.51 1 0
github.com/codecrafters-io/redis-starter-go/internal/codec/decoder.go:41.51,43.3 1 0
github.com/codecrafters-io/redis-starter-go/internal/codec/decoder.go:44.2,44.17 1 0
github.com/codecrafters-io/redis-starter-go/internal/codec/decoder.go:47.48,48.24 1 0
github.com/codecrafters-io/redis-starter-go/internal/codec/decoder.go:48.24,49.26 1 0
github.com/codecrafters-io/redis-starter-go/internal/codec/decoder.go:49.26,51.4 1 0
github.com/codecrafters-io/redis-starter-go/internal/codec/decoder.go:53.2,53.11 1 0
github.com/codecrafters-io/redis-starter-go/internal/codec/decoder.go:56.51,57.23 1 13
github.com/codecrafters-io/redis-starter-go/internal/codec/decoder.go:57.23,59.3 1 0
github.com/codecrafters-io/redis-starter-go/internal/codec/decoder.go:60.2,61.47 2 13
github.com/codecrafters-io/redis-starter-go/internal/codec/decoder.go:61.47,63.3 1 31
github.com/codecrafters-io/redis-starter-go/internal/codec/decoder.go:64.2,64.48 1 13
github.com/codecrafters-io/redis-starter-go/internal/codec/decoder.go:64.48,69.3 1 0
github.com/codecrafters-io/redis-starter-go/internal/codec/decoder.go:70.2,72.16 3 13
github.com/codecrafters-io/redis-starter-go/internal/codec/decoder.go:72.16,74.3 1 0
github.com/codecrafters-io/redis-starter-go/internal/codec/decoder.go:75.2,75.35 1 13
github.com/codecrafters-io/redis-starter-go/internal/codec/decoder.go:75.35,77.3 1 0
github.com/codecrafters-io/redis-starter-go/internal/codec/decoder.go:78.2,79.42 2 13
github.com/codecrafters-io/redis-starter-go/internal/codec/decoder.go:82.52,83.23 1 4
github.com/codecrafters-io/redis-starter-go/internal/codec/decoder.go:83.23,85.3 1 0
github.com/codecrafters-io/redis-starter-go/internal/codec/decoder.go:86.2,87.47 2 4
github.com/codecrafters-io/redis-starter-go/internal/codec/decoder.go:87.47,89.3 1 8
github.com/codecrafters-io/redis-starter-go/internal/codec/decoder.go:90.2,90.48 1 4
github.com/codecrafters-io/redis-starter-go/internal/codec/decoder.go:90.48,92.3 1 0
github.com/codecrafters-io/redis-starter-go/internal/codec/decoder.go:93.2,95.16 3 4
github.com/codecrafters-io/redis-starter-go/internal/codec/decoder.go:95.16,97.3 1 0
github.com/codecrafters-io/redis-starter-go/internal/codec/decoder.go:98.2,101.28 3 4
github.com/codecrafters-io/redis-starter-go/internal/codec/decoder.go:101.28,103.17 2 5
github.com/codecrafters-io/redis-starter-go/internal/codec/decoder.go:103.17,105.4 1 0
github.com/codecrafters-io/redis-starter-go/internal/codec/decoder.go:106.3,108.24 3 5
github.com/codecrafters-io/redis-starter-go/internal/codec/decoder.go:108.24,109.17 1 2
github.com/codecrafters-io/redis-starter-go/internal/codec/decoder.go:109.17,111.5 1 0
github.com/codecrafters-io/redis-starter-go/internal/codec/decoder.go:112.4,112.31 1 2
github.com/codecrafters-io/redis-starter-go/internal/codec/decoder.go:116.2,116.28 1 4
github.com/codecrafters-io/redis-starter-go/internal/codec/encoder.go:9.36,11.2 1 26
github.com/codecrafters-io/redis-starter-go/internal/codec/encoder.go:13.40,16.25 3 8
github.com/codecrafters-io/redis-starter-go/internal/codec/encoder.go:16.25,18.3 1 10
github.com/codecrafters-io/redis-starter-go/internal/codec/encoder.go:19.2,19.27 1 8
